Thu May 24 03:32:02 2018  [INFO]: DynamicInputfilterTest(const char * iface_reciever)
Thu May 24 03:32:02 2018  [INFO]: filtered input to can2

Thu May 24 03:32:02 2018  [INFO]: filter running for 20s....
Thu May 24 03:32:22 2018  [INFO]: FilterSettled?
Thu May 24 03:32:23 2018  [INFO]: logging Cyles done
Thu May 24 03:32:23 2018  [INFO]: Report for dynamic filter
-----------------------------------------
ID	TOTAL	UPDATE
0x320	1050	1050
0x390	210	1
0x420	105	1
0x51A	42	42
0x520	105	105
0x570	210	3
0x5D0	210	1
0x5D2	105	105
0x5DC	210	1
0x5E0	1050	1
0x7D0	21	21
-----------------------------------------

Tue Jun 26 13:27:41 2018  [INFO]: log2Logger-stoertest
Tue Jun 26 13:27:41 2018  [INFO]: log2Logger-filter stable?
Tue Jun 26 13:27:47 2018  [ERROR]: no msg from car in 5s
Tue Jun 26 13:27:47 2018  [ERROR]: log2Logger-dead Interface
Tue Jun 26 13:32:50 2018  [INFO]: log2Logger-stoertest
Tue Jun 26 13:32:50 2018  [INFO]: log2Logger-filter stable?
Tue Jun 26 13:32:55 2018  [ERROR]: no msg from car in 5s
Tue Jun 26 13:32:55 2018  [ERROR]: log2Logger-dead Interface
Tue Jun 26 14:12:08 2018  [INFO]: log2Logger-stoertest
Tue Jun 26 14:12:08 2018  [INFO]: log2Logger-filter stable?
Tue Jun 26 14:12:13 2018  [ERROR]: no msg from car in 5s
Tue Jun 26 14:12:13 2018  [ERROR]: log2Logger-dead Interface
Tue Jun 26 14:38:54 2018  [interface2]  [INFO]: log2Logger-stoertest
Tue Jun 26 14:38:54 2018  [interface2]  [INFO]: log2Logger-filter stable?
Tue Jun 26 14:38:59 2018  [interface2]  [ERROR]: no msg from car in 5s
Tue Jun 26 14:38:59 2018  [interface2]  [ERROR]: log2Logger-dead Interface
